[debug] [2025-09-23T07:21:40.670Z] ----------------------------------------------------------------------
[debug] [2025-09-23T07:21:40.673Z] Command:       C:\nvm4w\nodejs\node.exe C:\nvm4w\nodejs\node_modules\firebase-tools\lib\bin\firebase.js deploy --only functions
[debug] [2025-09-23T07:21:40.673Z] CLI Version:   14.17.0
[debug] [2025-09-23T07:21:40.674Z] Platform:      win32
[debug] [2025-09-23T07:21:40.674Z] Node Version:  v20.19.4
[debug] [2025-09-23T07:21:40.674Z] Time:          Tue Sep 23 2025 12:51:40 GMT+0530 (India Standard Time)
[debug] [2025-09-23T07:21:40.674Z] ----------------------------------------------------------------------
[debug] 
[debug] [2025-09-23T07:21:40.873Z] > command requires scopes: ["email","openid","https://www.googleapis.com/auth/cloudplatformprojects.readonly","https://www.googleapis.com/auth/firebase","https://www.googleapis.com/auth/cloud-platform"]
[debug] [2025-09-23T07:21:40.874Z] > authorizing via signed-in user (it.starshield2025@gmail.com)
[debug] [2025-09-23T07:21:40.874Z] [iam] checking project to-do-list-b831f for permissions ["cloudfunctions.functions.create","cloudfunctions.functions.delete","cloudfunctions.functions.get","cloudfunctions.functions.list","cloudfunctions.functions.update","cloudfunctions.operations.get","firebase.projects.get"]
[debug] [2025-09-23T07:21:40.875Z] Checked if tokens are valid: true, expires at: 1758613533254
[debug] [2025-09-23T07:21:40.875Z] Checked if tokens are valid: true, expires at: 1758613533254
[debug] [2025-09-23T07:21:40.876Z] >>> [apiv2][query] POST https://cloudresourcemanager.googleapis.com/v1/projects/to-do-list-b831f:testIamPermissions [none]
[debug] [2025-09-23T07:21:40.876Z] >>> [apiv2][(partial)header] POST https://cloudresourcemanager.googleapis.com/v1/projects/to-do-list-b831f:testIamPermissions x-goog-quota-user=projects/to-do-list-b831f
[debug] [2025-09-23T07:21:40.876Z] >>> [apiv2][body] POST https://cloudresourcemanager.googleapis.com/v1/projects/to-do-list-b831f:testIamPermissions {"permissions":["cloudfunctions.functions.create","cloudfunctions.functions.delete","cloudfunctions.functions.get","cloudfunctions.functions.list","cloudfunctions.functions.update","cloudfunctions.operations.get","firebase.projects.get"]}
[debug] [2025-09-23T07:21:42.431Z] <<< [apiv2][status] POST https://cloudresourcemanager.googleapis.com/v1/projects/to-do-list-b831f:testIamPermissions 200
[debug] [2025-09-23T07:21:42.431Z] <<< [apiv2][body] POST https://cloudresourcemanager.googleapis.com/v1/projects/to-do-list-b831f:testIamPermissions {"permissions":["cloudfunctions.functions.create","cloudfunctions.functions.delete","cloudfunctions.functions.get","cloudfunctions.functions.list","cloudfunctions.functions.update","cloudfunctions.operations.get","firebase.projects.get"]}
[debug] [2025-09-23T07:21:42.431Z] Checked if tokens are valid: true, expires at: 1758613533254
[debug] [2025-09-23T07:21:42.431Z] Checked if tokens are valid: true, expires at: 1758613533254
[debug] [2025-09-23T07:21:42.431Z] >>> [apiv2][query] POST https://iam.googleapis.com/v1/projects/to-do-list-b831f/serviceAccounts/to-do-list-b831f@appspot.gserviceaccount.com:testIamPermissions [none]
[debug] [2025-09-23T07:21:42.431Z] >>> [apiv2][body] POST https://iam.googleapis.com/v1/projects/to-do-list-b831f/serviceAccounts/to-do-list-b831f@appspot.gserviceaccount.com:testIamPermissions {"permissions":["iam.serviceAccounts.actAs"]}
